<?xml version="1.0" encoding="UTF-8"?>
<coverage generated="1660086279028" clover="3.2.0">
  <project timestamp="1660086279029" name="All files">
    <metrics statements="16" coveredstatements="16" conditionals="4" coveredconditionals="3" methods="16" coveredmethods="16" elements="36" coveredelements="35" complexity="0" loc="16" ncloc="16" packages="1" files="1" classes="1"/>
    <file name="data.js" path="C:\Users\adrco\OneDrive\Escritorio\Data Lovers\SCL021-data-lovers\src\data.js">
      <metrics statements="16" coveredstatements="16" conditionals="4" coveredconditionals="3" methods="16" coveredmethods="16"/>
      <line num="2" count="7" type="stmt"/>
      <line num="3" count="1" type="stmt"/>
      <line num="7" count="7" type="stmt"/>
      <line num="8" count="1" type="stmt"/>
      <line num="12" count="7" type="stmt"/>
      <line num="13" count="1" type="stmt"/>
      <line num="17" count="7" type="stmt"/>
      <line num="18" count="1" type="stmt"/>
      <line num="22" count="7" type="stmt"/>
      <line num="23" count="1" type="stmt"/>
      <line num="27" count="7" type="stmt"/>
      <line num="28" count="1" type="stmt"/>
      <line num="32" count="6" type="cond" truecount="1" falsecount="1"/>
      <line num="33" count="1" type="stmt"/>
      <line num="37" count="14" type="cond" truecount="2" falsecount="0"/>
      <line num="38" count="1" type="stmt"/>
    </file>
  </project>
</coverage>
