{"C:\\Users\\adrco\\OneDrive\\Escritorio\\Data Lovers\\SCL021-data-lovers\\src\\data.js": {"path":"C:\\Users\\adrco\\OneDrive\\Escritorio\\Data Lovers\\SCL021-data-lovers\\src\\data.js","statementMap":{"0":{"start":{"line":2,"column":23},"end":{"line":2,"column":63}},"1":{"start":{"line":2,"column":41},"end":{"line":2,"column":62}},"2":{"start":{"line":3,"column":2},"end":{"line":3,"column":21}},"3":{"start":{"line":7,"column":25},"end":{"line":7,"column":65}},"4":{"start":{"line":7,"column":43},"end":{"line":7,"column":64}},"5":{"start":{"line":8,"column":2},"end":{"line":8,"column":23}},"6":{"start":{"line":12,"column":28},"end":{"line":12,"column":71}},"7":{"start":{"line":12,"column":46},"end":{"line":12,"column":70}},"8":{"start":{"line":13,"column":2},"end":{"line":13,"column":26}},"9":{"start":{"line":17,"column":27},"end":{"line":17,"column":69}},"10":{"start":{"line":17,"column":45},"end":{"line":17,"column":68}},"11":{"start":{"line":18,"column":2},"end":{"line":18,"column":25}},"12":{"start":{"line":22,"column":28},"end":{"line":22,"column":71}},"13":{"start":{"line":22,"column":46},"end":{"line":22,"column":70}},"14":{"start":{"line":23,"column":2},"end":{"line":23,"column":26}},"15":{"start":{"line":27,"column":27},"end":{"line":27,"column":69}},"16":{"start":{"line":27,"column":45},"end":{"line":27,"column":68}},"17":{"start":{"line":28,"column":2},"end":{"line":28,"column":25}},"18":{"start":{"line":32,"column":15},"end":{"line":32,"column":61}},"19":{"start":{"line":32,"column":35},"end":{"line":32,"column":59}},"20":{"start":{"line":33,"column":2},"end":{"line":33,"column":15}},"21":{"start":{"line":37,"column":16},"end":{"line":37,"column":62}},"22":{"start":{"line":37,"column":36},"end":{"line":37,"column":60}},"23":{"start":{"line":38,"column":2},"end":{"line":38,"column":17}}},"fnMap":{"0":{"name":"filterHuman","decl":{"start":{"line":1,"column":16},"end":{"line":1,"column":27}},"loc":{"start":{"line":1,"column":34},"end":{"line":4,"column":1}},"line":1},"1":{"name":"(anonymous_1)","decl":{"start":{"line":2,"column":36},"end":{"line":2,"column":37}},"loc":{"start":{"line":2,"column":41},"end":{"line":2,"column":62}},"line":2},"2":{"name":"filterMagical","decl":{"start":{"line":6,"column":16},"end":{"line":6,"column":29}},"loc":{"start":{"line":6,"column":36},"end":{"line":9,"column":1}},"line":6},"3":{"name":"(anonymous_3)","decl":{"start":{"line":7,"column":38},"end":{"line":7,"column":39}},"loc":{"start":{"line":7,"column":43},"end":{"line":7,"column":64}},"line":7},"4":{"name":"filterGryffindor","decl":{"start":{"line":11,"column":16},"end":{"line":11,"column":32}},"loc":{"start":{"line":11,"column":39},"end":{"line":14,"column":1}},"line":11},"5":{"name":"(anonymous_5)","decl":{"start":{"line":12,"column":41},"end":{"line":12,"column":42}},"loc":{"start":{"line":12,"column":46},"end":{"line":12,"column":70}},"line":12},"6":{"name":"filterSlytherin","decl":{"start":{"line":16,"column":16},"end":{"line":16,"column":31}},"loc":{"start":{"line":16,"column":38},"end":{"line":19,"column":1}},"line":16},"7":{"name":"(anonymous_7)","decl":{"start":{"line":17,"column":40},"end":{"line":17,"column":41}},"loc":{"start":{"line":17,"column":45},"end":{"line":17,"column":68}},"line":17},"8":{"name":"filterHufflepuff","decl":{"start":{"line":21,"column":16},"end":{"line":21,"column":32}},"loc":{"start":{"line":21,"column":39},"end":{"line":24,"column":1}},"line":21},"9":{"name":"(anonymous_9)","decl":{"start":{"line":22,"column":41},"end":{"line":22,"column":42}},"loc":{"start":{"line":22,"column":46},"end":{"line":22,"column":70}},"line":22},"10":{"name":"filterRavenclaw","decl":{"start":{"line":26,"column":16},"end":{"line":26,"column":31}},"loc":{"start":{"line":26,"column":38},"end":{"line":29,"column":1}},"line":26},"11":{"name":"(anonymous_11)","decl":{"start":{"line":27,"column":40},"end":{"line":27,"column":41}},"loc":{"start":{"line":27,"column":45},"end":{"line":27,"column":68}},"line":27},"12":{"name":"sortAtoZ","decl":{"start":{"line":31,"column":16},"end":{"line":31,"column":24}},"loc":{"start":{"line":31,"column":29},"end":{"line":34,"column":1}},"line":31},"13":{"name":"(anonymous_13)","decl":{"start":{"line":32,"column":24},"end":{"line":32,"column":25}},"loc":{"start":{"line":32,"column":35},"end":{"line":32,"column":59}},"line":32},"14":{"name":"sortZtoA","decl":{"start":{"line":36,"column":16},"end":{"line":36,"column":24}},"loc":{"start":{"line":36,"column":29},"end":{"line":39,"column":1}},"line":36},"15":{"name":"(anonymous_15)","decl":{"start":{"line":37,"column":25},"end":{"line":37,"column":26}},"loc":{"start":{"line":37,"column":36},"end":{"line":37,"column":60}},"line":37}},"branchMap":{"0":{"loc":{"start":{"line":32,"column":35},"end":{"line":32,"column":59}},"type":"cond-expr","locations":[{"start":{"line":32,"column":53},"end":{"line":32,"column":54}},{"start":{"line":32,"column":57},"end":{"line":32,"column":59}}],"line":32},"1":{"loc":{"start":{"line":37,"column":36},"end":{"line":37,"column":60}},"type":"cond-expr","locations":[{"start":{"line":37,"column":54},"end":{"line":37,"column":56}},{"start":{"line":37,"column":59},"end":{"line":37,"column":60}}],"line":37}},"s":{"0":1,"1":7,"2":1,"3":1,"4":7,"5":1,"6":1,"7":7,"8":1,"9":1,"10":7,"11":1,"12":1,"13":7,"14":1,"15":1,"16":7,"17":1,"18":1,"19":6,"20":1,"21":1,"22":14,"23":1},"f":{"0":1,"1":7,"2":1,"3":7,"4":1,"5":7,"6":1,"7":7,"8":1,"9":7,"10":1,"11":7,"12":1,"13":6,"14":1,"15":14},"b":{"0":[0,6],"1":[12,2]},"_coverageSchema":"1a1c01bbd47fc00a2c39e90264f33305004495a9","hash":"b3129bea7e86e8e37ee3e9a122efe1d767bd9cf2"}
}
