TN:
SF:src\data.js
FN:1,filterHuman
FN:2,(anonymous_1)
FN:6,filterMagical
FN:7,(anonymous_3)
FN:11,filterGryffindor
FN:12,(anonymous_5)
FN:16,filterSlytherin
FN:17,(anonymous_7)
FN:21,filterHufflepuff
FN:22,(anonymous_9)
FN:26,filterRavenclaw
FN:27,(anonymous_11)
FN:31,sortAtoZ
FN:32,(anonymous_13)
FN:36,sortZtoA
FN:37,(anonymous_15)
FNF:16
FNH:16
FNDA:1,filterHuman
FNDA:7,(anonymous_1)
FNDA:1,filterMagical
FNDA:7,(anonymous_3)
FNDA:1,filterGryffindor
FNDA:7,(anonymous_5)
FNDA:1,filterSlytherin
FNDA:7,(anonymous_7)
FNDA:1,filterHufflepuff
FNDA:7,(anonymous_9)
FNDA:1,filterRavenclaw
FNDA:7,(anonymous_11)
FNDA:1,sortAtoZ
FNDA:6,(anonymous_13)
FNDA:1,sortZtoA
FNDA:14,(anonymous_15)
DA:2,7
DA:3,1
DA:7,7
DA:8,1
DA:12,7
DA:13,1
DA:17,7
DA:18,1
DA:22,7
DA:23,1
DA:27,7
DA:28,1
DA:32,6
DA:33,1
DA:37,14
DA:38,1
LF:16
LH:16
BRDA:32,0,0,0
BRDA:32,0,1,6
BRDA:37,1,0,12
BRDA:37,1,1,2
BRF:4
BRH:3
end_of_record
